<?xml version="1.0" encoding="UTF-8"?>
<testsuites tests="1" failures="0" errors="0" skipped="0">
  <testsuite name="My Login application" timestamp="2025-10-16T20:22:18" time="3.029" tests="1" failures="0" errors="0" skipped="0">
    <properties>
      <property name="specId" value="0"/>
      <property name="suiteName" value="My Login application"/>
      <property name="capabilities" value="chrome.141_0_7390_66.windows"/>
      <property name="file" value="file:///C:/Users/mahdi/OneDrive/Desktop/wdioprjct/test/specs/test.e2e.js"/>
    </properties>
    <testcase classname="chrome.141_0_7390_66.windows.My_Login_application" name="should login with valid credentials" time="3.026">
      <system-out><![CDATA[
COMMAND: POST /session/ef49e73c7a3a0177607be19be0e6adaa/element/f.2BAF82298A86C26BD8A68BDC5F3F7B0F.d.97BB6C423DB3737992E764D3834C06E0.e.3/clear - {}
RESULT: {}
COMMAND: POST /session/ef49e73c7a3a0177607be19be0e6adaa/element/f.2BAF82298A86C26BD8A68BDC5F3F7B0F.d.97BB6C423DB3737992E764D3834C06E0.e.3/value - {"text":"tomsmith"}
RESULT: {"text":"tomsmith"}
COMMAND: POST /session/ef49e73c7a3a0177607be19be0e6adaa/element/f.2BAF82298A86C26BD8A68BDC5F3F7B0F.d.97BB6C423DB3737992E764D3834C06E0.e.4/clear - {}
RESULT: {}
COMMAND: POST /session/ef49e73c7a3a0177607be19be0e6adaa/element/f.2BAF82298A86C26BD8A68BDC5F3F7B0F.d.97BB6C423DB3737992E764D3834C06E0.e.4/value - {"text":"SuperSecretPassword!"}
RESULT: {"text":"SuperSecretPassword!"}
COMMAND: POST /session/ef49e73c7a3a0177607be19be0e6adaa/element/f.2BAF82298A86C26BD8A68BDC5F3F7B0F.d.97BB6C423DB3737992E764D3834C06E0.e.5/click - {}
RESULT: {}
COMMAND: GET /session/ef49e73c7a3a0177607be19be0e6adaa/element/f.2BAF82298A86C26BD8A68BDC5F3F7B0F.d.4F7C053C72C30D7186233313764CAE31.e.12/text - {}
RESULT: {}
COMMAND: DELETE /session/ef49e73c7a3a0177607be19be0e6adaa - {}
RESULT: {}
]]></system-out>
    </testcase>
  </testsuite>
</testsuites>