<?xml version="1.0" encoding="UTF-8"?>
<testsuites tests="1" failures="0" errors="0" skipped="0">
  <testsuite name="Demo test 1" timestamp="2025-10-16T20:22:18" time="1.295" tests="1" failures="0" errors="0" skipped="0">
    <properties>
      <property name="specId" value="0"/>
      <property name="suiteName" value="Demo test 1"/>
      <property name="capabilities" value="chrome.141_0_7390_66.windows"/>
      <property name="file" value="file:///C:/Users/mahdi/OneDrive/Desktop/wdioprjct/test/specs/test1.spec.js"/>
    </properties>
    <testcase classname="chrome.141_0_7390_66.windows.Demo_test_1" name="my first test" time="1.29">
      <system-out><![CDATA[
COMMAND: POST /session/c604c8a14ba855e2b56ab03177b70c32/element - {"using":"css selector","value":"[name=\"q\"]"}
RESULT: {"using":"css selector","value":"[name=\"q\"]"}
COMMAND: POST /session/c604c8a14ba855e2b56ab03177b70c32/element/f.B8A0A2615810844CADAA5081F16F2B45.d.A52867532D1180765E826D156FFB4A7D.e.1/clear - {}
RESULT: {}
COMMAND: POST /session/c604c8a14ba855e2b56ab03177b70c32/element/f.B8A0A2615810844CADAA5081F16F2B45.d.A52867532D1180765E826D156FFB4A7D.e.1/value - {"text":"WebdriverIo"}
RESULT: {"text":"WebdriverIo"}
COMMAND: POST /session/c604c8a14ba855e2b56ab03177b70c32/actions - {"actions":[{"id":"action1","type":"key","parameters":{},"actions":[{"type":"keyDown","value":""},{"type":"pause","duration":10},{"type":"keyUp","value":""}]}]}
COMMAND: DELETE /session/c604c8a14ba855e2b56ab03177b70c32 - {}
RESULT: {"actions":[{"id":"action1","type":"key","parameters":{},"actions":[{"type":"keyDown","value":""},{"type":"pause","duration":10},{"type":"keyUp","value":""}]}]}
RESULT: {}
]]></system-out>
    </testcase>
  </testsuite>
</testsuites>